#
# There is insufficient memory for the Java Runtime Environment to continue.
# Native memory allocation (mmap) failed to map 65536 bytes for Failed to commit metaspace.
# Possible reasons:
#   The system is out of physical RAM or swap space
#   The process is running with CompressedOops enabled, and the Java Heap may be blocking the growth of the native heap
# Possible solutions:
#   Reduce memory load on the system
#   Increase physical memory or swap space
#   Check if swap backing store is full
#   Decrease Java heap size (-Xmx/-Xms)
#   Decrease number of Java threads
#   Decrease Java thread stack sizes (-Xss)
#   Set larger code cache with -XX:ReservedCodeCacheSize=
#   JVM is running with Zero Based Compressed Oops mode in which the Java heap is
#     placed in the first 32GB address space. The Java Heap base address is the
#     maximum limit for the native heap growth. Please use -XX:HeapBaseMinAddress
#     to set the Java Heap base and to place the Java Heap above 32GB virtual address.
# This output file may be truncated or incomplete.
#
#  Out of Memory Error (virtualSpaceNode.cpp:108), pid=12340, tid=15636
#
# JRE version: Java(TM) SE Runtime Environment (16.0.1+9) (build 16.0.1+9-24)
# Java VM: Java HotSpot(TM) 64-Bit Server VM (16.0.1+9-24, mixed mode, sharing, tiered, compressed oops, compressed class ptrs, g1 gc, windows-amd64)
# No core dump will be written. Minidumps are not enabled by default on client versions of Windows
#

---------------  S U M M A R Y ------------

Command Line: -XX:TieredStopAtLevel=1 -Xverify:none -Dspring.output.ansi.enabled=always -javaagent:C:\Program Files\JetBrains\IntelliJ IDEA 2021.2.1\lib\idea_rt.jar=9435:C:\Program Files\JetBrains\IntelliJ IDEA 2021.2.1\bin -Dcom.sun.management.jmxremote -Dspring.jmx.enabled=true -Dspring.liveBeansView.mbeanDomain -Dspring.application.admin.enabled=true -Dfile.encoding=UTF-8 se331.lab.rest.Lab07Application

Host: Intel(R) Core(TM) i5-10210U CPU @ 1.60GHz, 4 cores, 15G,  Windows 10 , 64 bit Build 19041 (10.0.19041.1202)
Time: Thu Sep  9 21:57:52 2021 SE Asia Standard Time elapsed time: 1.810913 seconds (0d 0h 0m 1s)

---------------  T H R E A D  ---------------

Current thread (0x000002547c8648a0):  JavaThread "main" [_thread_in_vm, id=15636, stack(0x0000008f4e100000,0x0000008f4e200000)]

Stack: [0x0000008f4e100000,0x0000008f4e200000]
Native frames: (J=compiled Java code, j=interpreted, Vv=VM code, C=native code)
V  [jvm.dll+0x6687ca]
V  [jvm.dll+0x7ca3c9]
V  [jvm.dll+0x7cbb53]
V  [jvm.dll+0x7cc1b3]
V  [jvm.dll+0x242ea5]
V  [jvm.dll+0x7c6a4b]
V  [jvm.dll+0x60e436]
V  [jvm.dll+0x1be93e]
V  [jvm.dll+0x610b91]
V  [jvm.dll+0x60ed31]
V  [jvm.dll+0x6200a2]
V  [jvm.dll+0x619666]
V  [jvm.dll+0x37642a]
C  0x00000254076acb5f

Java frames: (J=compiled Java code, j=interpreted, Vv=VM code)
j  org.springframework.core.io.support.PathMatchingResourcePatternResolver.doFindMatchingFileSystemResources(Ljava/io/File;Ljava/lang/String;)Ljava/util/Set;+0
j  org.springframework.core.io.support.PathMatchingResourcePatternResolver.doFindPathMatchingFileResources(Lorg/springframework/core/io/Resource;Ljava/lang/String;)Ljava/util/Set;+127
j  org.springframework.web.context.support.ServletContextResourcePatternResolver.doFindPathMatchingFileResources(Lorg/springframework/core/io/Resource;Ljava/lang/String;)Ljava/util/Set;+72
j  org.springframework.core.io.support.PathMatchingResourcePatternResolver.findPathMatchingResources(Ljava/lang/String;)[Lorg/springframework/core/io/Resource;+213
j  org.springframework.core.io.support.PathMatchingResourcePatternResolver.getResources(Ljava/lang/String;)[Lorg/springframework/core/io/Resource;+38
j  org.springframework.context.support.AbstractApplicationContext.getResources(Ljava/lang/String;)[Lorg/springframework/core/io/Resource;+5
j  org.springframework.context.support.GenericApplicationContext.getResources(Ljava/lang/String;)[Lorg/springframework/core/io/Resource;+26
j  org.springframework.context.annotation.ClassPathScanningCandidateComponentProvider.scanCandidateComponents(Ljava/lang/String;)Ljava/util/Set;+49
j  org.springframework.context.annotation.ClassPathScanningCandidateComponentProvider.findCandidateComponents(Ljava/lang/String;)Ljava/util/Set;+26
j  org.springframework.context.annotation.ClassPathBeanDefinitionScanner.doScan([Ljava/lang/String;)Ljava/util/Set;+39
j  org.springframework.context.annotation.ComponentScanAnnotationParser.parse(Lorg/springframework/core/annotation/AnnotationAttributes;Ljava/lang/String;)Ljava/util/Set;+478
j  org.springframework.context.annotation.ConfigurationClassParser.doProcessConfigurationClass(Lorg/springframework/context/annotation/ConfigurationClass;Lorg/springframework/context/annotation/ConfigurationClassParser$SourceClass;Ljava/util/function/Predicate;)Lorg/springframework/context/annotation/ConfigurationClassParser$SourceClass;+213
j  org.springframework.context.annotation.ConfigurationClassParser.processConfigurationClass(Lorg/springframework/context/annotation/ConfigurationClass;Ljava/util/function/Predicate;)V+106
j  org.springframework.context.annotation.ConfigurationClassParser.parse(Lorg/springframework/core/type/AnnotationMetadata;Ljava/lang/String;)V+13
j  org.springframework.context.annotation.ConfigurationClassParser.parse(Ljava/util/Set;)V+55
j  org.springframework.context.annotation.ConfigurationClassPostProcessor.processConfigBeanDefinitions(Lorg/springframework/beans/factory/support/BeanDefinitionRegistry;)V+308
j  org.springframework.context.annotation.ConfigurationClassPostProcessor.postProcessBeanDefinitionRegistry(Lorg/springframework/beans/factory/support/BeanDefinitionRegistry;)V+107
j  org.springframework.context.support.PostProcessorRegistrationDelegate.invokeBeanDefinitionRegistryPostProcessors(Ljava/util/Collection;Lorg/springframework/beans/factory/support/BeanDefinitionRegistry;Lorg/springframework/core/metrics/ApplicationStartup;)V+59
j  org.springframework.context.support.PostProcessorRegistrationDelegate.invokeBeanFactoryPostProcessors(Lorg/springframework/beans/factory/config/ConfigurableListableBeanFactory;Ljava/util/List;)V+235
j  org.springframework.context.support.AbstractApplicationContext.invokeBeanFactoryPostProcessors(Lorg/springframework/beans/factory/config/ConfigurableListableBeanFactory;)V+5
j  org.springframework.context.support.AbstractApplicationContext.refresh()V+53
j  org.springframework.boot.web.servlet.context.ServletWebServerApplicationContext.refresh()V+1
j  org.springframework.boot.SpringApplication.refresh(Lorg/springframework/context/ConfigurableApplicationContext;)V+1
j  org.springframework.boot.SpringApplication.refreshContext(Lorg/springframework/context/ConfigurableApplicationContext;)V+16
j  org.springframework.boot.SpringApplication.run([Ljava/lang/String;)Lorg/springframework/context/ConfigurableApplicationContext;+111
j  org.springframework.boot.SpringApplication.run([Ljava/lang/Class;[Ljava/lang/String;)Lorg/springframework/context/ConfigurableApplicationContext;+9
j  org.springframework.boot.SpringApplication.run(Ljava/lang/Class;[Ljava/lang/String;)Lorg/springframework/context/ConfigurableApplicationContext;+9
j  se331.lab.rest.Lab07Application.main([Ljava/lang/String;)V+3
v  ~StubRoutines::call_stub

---------------  P R O C E S S  ---------------

Threads class SMR info:
_java_thread_list=0x0000025422183c70, length=15, elements={
0x000002547c8648a0, 0x00000254209f0650, 0x00000254209f1cb0, 0x00000254209fdb50,
0x00000254209ff670, 0x0000025420a00180, 0x0000025420a00a90, 0x0000025420a01450,
0x0000025420a0eea0, 0x000002542149cf40, 0x00000254217903f0, 0x0000025421790910,
0x0000025421c76a50, 0x0000025421c89850, 0x0000025421fb8c20
}

Java Threads: ( => current thread )
=>0x000002547c8648a0 JavaThread "main" [_thread_in_vm, id=15636, stack(0x0000008f4e100000,0x0000008f4e200000)]
  0x00000254209f0650 JavaThread "Reference Handler" daemon [_thread_blocked, id=16548, stack(0x0000008f4e900000,0x0000008f4ea00000)]
  0x00000254209f1cb0 JavaThread "Finalizer" daemon [_thread_blocked, id=4892, stack(0x0000008f4ea00000,0x0000008f4eb00000)]
  0x00000254209fdb50 JavaThread "Signal Dispatcher" daemon [_thread_blocked, id=5864, stack(0x0000008f4eb00000,0x0000008f4ec00000)]
  0x00000254209ff670 JavaThread "Attach Listener" daemon [_thread_blocked, id=928, stack(0x0000008f4ec00000,0x0000008f4ed00000)]
  0x0000025420a00180 JavaThread "Service Thread" daemon [_thread_blocked, id=2256, stack(0x0000008f4ed00000,0x0000008f4ee00000)]
  0x0000025420a00a90 JavaThread "Monitor Deflation Thread" daemon [_thread_blocked, id=16376, stack(0x0000008f4ee00000,0x0000008f4ef00000)]
  0x0000025420a01450 JavaThread "C1 CompilerThread0" daemon [_thread_blocked, id=7592, stack(0x0000008f4ef00000,0x0000008f4f000000)]
  0x0000025420a0eea0 JavaThread "Sweeper thread" daemon [_thread_blocked, id=14280, stack(0x0000008f4f000000,0x0000008f4f100000)]
  0x000002542149cf40 JavaThread "Common-Cleaner" daemon [_thread_blocked, id=13676, stack(0x0000008f4f100000,0x0000008f4f200000)]
  0x00000254217903f0 JavaThread "Monitor Ctrl-Break" daemon [_thread_in_native, id=7160, stack(0x0000008f4f200000,0x0000008f4f300000)]
  0x0000025421790910 JavaThread "Notification Thread" daemon [_thread_blocked, id=7300, stack(0x0000008f4f300000,0x0000008f4f400000)]
  0x0000025421c76a50 JavaThread "RMI TCP Accept-0" daemon [_thread_in_native, id=7056, stack(0x0000008f4f400000,0x0000008f4f500000)]
  0x0000025421c89850 JavaThread "RMI TCP Connection(1)-26.91.26.223" daemon [_thread_in_native, id=16760, stack(0x0000008f4fa00000,0x0000008f4fb00000)]
  0x0000025421fb8c20 JavaThread "RMI Scheduler(0)" daemon [_thread_blocked, id=16880, stack(0x0000008f4fb00000,0x0000008f4fc00000)]

Other Threads:
  0x00000254209eb260 VMThread "VM Thread" [stack: 0x0000008f4e800000,0x0000008f4e900000] [id=1676]
  0x0000025421c773f0 WatcherThread [stack: 0x0000008f4f500000,0x0000008f4f600000] [id=12456]
  0x000002547c8b4070 GCTaskThread "GC Thread#0" [stack: 0x0000008f4e300000,0x0000008f4e400000] [id=12156]
  0x0000025421c74e80 GCTaskThread "GC Thread#1" [stack: 0x0000008f4f600000,0x0000008f4f700000] [id=13168]
  0x0000025421c75190 GCTaskThread "GC Thread#2" [stack: 0x0000008f4f700000,0x0000008f4f800000] [id=4932]
  0x0000025421c754a0 GCTaskThread "GC Thread#3" [stack: 0x0000008f4f800000,0x0000008f4f900000] [id=14660]
  0x000002547c8c4e80 ConcurrentGCThread "G1 Main Marker" [stack: 0x0000008f4e400000,0x0000008f4e500000] [id=12852]
  0x000002547c8c5970 ConcurrentGCThread "G1 Conc#0" [stack: 0x0000008f4e500000,0x0000008f4e600000] [id=16448]
  0x00000254208b34d0 ConcurrentGCThread "G1 Refine#0" [stack: 0x0000008f4e600000,0x0000008f4e700000] [id=15632]
  0x0000025421d24c20 ConcurrentGCThread "G1 Refine#1" [stack: 0x0000008f4f900000,0x0000008f4fa00000] [id=9308]
  0x000002547c92afd0 ConcurrentGCThread "G1 Service" [stack: 0x0000008f4e700000,0x0000008f4e800000] [id=8180]

Threads with active compile tasks:

VM state: not at safepoint (normal execution)

VM Mutex/Monitor currently owned by a thread:  ([mutex/lock_event])
[0x000002547c860ed0] MetaspaceExpand_lock - owner thread: 0x000002547c8648a0

Heap address: 0x0000000703200000, size: 4046 MB, Compressed Oops mode: Zero based, Oop shift amount: 3

CDS archive(s) mapped at: [0x0000000800000000-0x0000000800bb0000-0x0000000800bb0000), size 12255232, SharedBaseAddress: 0x0000000800000000, ArchiveRelocationMode: 0.
Compressed class space mapped at: 0x0000000800c00000-0x0000000840c00000, reserved size: 1073741824
Narrow klass base: 0x0000000800000000, Narrow klass shift: 3, Narrow klass range: 0x100000000

GC Precious Log:
 CPUs: 4 total, 4 available
 Memory: 16182M
 Large Page Support: Disabled
 NUMA Support: Disabled
 Compressed Oops: Enabled (Zero based)
 Heap Region Size: 2M
 Heap Min Capacity: 8M
 Heap Initial Capacity: 254M
 Heap Max Capacity: 4046M
 Pre-touch: Disabled
 Parallel Workers: 4
 Concurrent Workers: 1
 Concurrent Refinement Workers: 4
 Periodic GC: Disabled

Heap:
 garbage-first heap   total 260096K, used 21094K [0x0000000703200000, 0x0000000800000000)
  region size 2048K, 10 young (20480K), 2 survivors (4096K)
 Metaspace       used 15131K, committed 15360K, reserved 1064960K
  class space    used 1983K, committed 2112K, reserved 1048576K

Heap Regions: E=young(eden), S=young(survivor), O=old, HS=humongous(starts), HC=humongous(continues), CS=collection set, F=free, OA=open archive, CA=closed archive, TAMS=top-at-mark-start (previous, next)
|   0|0x0000000703200000, 0x0000000703400000, 0x0000000703400000|100%| O|  |TAMS 0x0000000703200000, 0x0000000703200000| Untracked 
|   1|0x0000000703400000, 0x0000000703600000, 0x0000000703600000|100%| O|  |TAMS 0x0000000703400000, 0x0000000703400000| Untracked 
|   2|0x0000000703600000, 0x00000007037a4800, 0x0000000703800000| 82%| O|  |TAMS 0x0000000703600000, 0x0000000703600000| Untracked 
|   3|0x0000000703800000, 0x0000000703800000, 0x0000000703a00000|  0%| F|  |TAMS 0x0000000703800000, 0x0000000703800000| Untracked 
|   4|0x0000000703a00000, 0x0000000703a00000, 0x0000000703c00000|  0%| F|  |TAMS 0x0000000703a00000, 0x0000000703a00000| Untracked 
|   5|0x0000000703c00000, 0x0000000703c00000, 0x0000000703e00000|  0%| F|  |TAMS 0x0000000703c00000, 0x0000000703c00000| Untracked 
|   6|0x0000000703e00000, 0x0000000703e00000, 0x0000000704000000|  0%| F|  |TAMS 0x0000000703e00000, 0x0000000703e00000| Untracked 
|   7|0x0000000704000000, 0x0000000704000000, 0x0000000704200000|  0%| F|  |TAMS 0x0000000704000000, 0x0000000704000000| Untracked 
|   8|0x0000000704200000, 0x0000000704200000, 0x0000000704400000|  0%| F|  |TAMS 0x0000000704200000, 0x0000000704200000| Untracked 
|   9|0x0000000704400000, 0x0000000704400000, 0x0000000704600000|  0%| F|  |TAMS 0x0000000704400000, 0x0000000704400000| Untracked 
|  10|0x0000000704600000, 0x0000000704600000, 0x0000000704800000|  0%| F|  |TAMS 0x0000000704600000, 0x0000000704600000| Untracked 
|  11|0x0000000704800000, 0x0000000704800000, 0x0000000704a00000|  0%| F|  |TAMS 0x0000000704800000, 0x0000000704800000| Untracked 
|  12|0x0000000704a00000, 0x0000000704a00000, 0x0000000704c00000|  0%| F|  |TAMS 0x0000000704a00000, 0x0000000704a00000| Untracked 
|  13|0x0000000704c00000, 0x0000000704c00000, 0x0000000704e00000|  0%| F|  |TAMS 0x0000000704c00000, 0x0000000704c00000| Untracked 
|  14|0x0000000704e00000, 0x0000000704e00000, 0x0000000705000000|  0%| F|  |TAMS 0x0000000704e00000, 0x0000000704e00000| Untracked 
|  15|0x0000000705000000, 0x0000000705000000, 0x0000000705200000|  0%| F|  |TAMS 0x0000000705000000, 0x0000000705000000| Untracked 
|  16|0x0000000705200000, 0x0000000705200000, 0x0000000705400000|  0%| F|  |TAMS 0x0000000705200000, 0x0000000705200000| Untracked 
|  17|0x0000000705400000, 0x0000000705400000, 0x0000000705600000|  0%| F|  |TAMS 0x0000000705400000, 0x0000000705400000| Untracked 
|  18|0x0000000705600000, 0x0000000705600000, 0x0000000705800000|  0%| F|  |TAMS 0x0000000705600000, 0x0000000705600000| Untracked 
|  19|0x0000000705800000, 0x0000000705800000, 0x0000000705a00000|  0%| F|  |TAMS 0x0000000705800000, 0x0000000705800000| Untracked 
|  20|0x0000000705a00000, 0x0000000705a00000, 0x0000000705c00000|  0%| F|  |TAMS 0x0000000705a00000, 0x0000000705a00000| Untracked 
|  21|0x0000000705c00000, 0x0000000705c00000, 0x0000000705e00000|  0%| F|  |TAMS 0x0000000705c00000, 0x0000000705c00000| Untracked 
|  22|0x0000000705e00000, 0x0000000705e00000, 0x0000000706000000|  0%| F|  |TAMS 0x0000000705e00000, 0x0000000705e00000| Untracked 
|  23|0x0000000706000000, 0x0000000706000000, 0x0000000706200000|  0%| F|  |TAMS 0x0000000706000000, 0x0000000706000000| Untracked 
|  24|0x0000000706200000, 0x0000000706200000, 0x0000000706400000|  0%| F|  |TAMS 0x0000000706200000, 0x0000000706200000| Untracked 
|  25|0x0000000706400000, 0x0000000706400000, 0x0000000706600000|  0%| F|  |TAMS 0x0000000706400000, 0x0000000706400000| Untracked 
|  26|0x0000000706600000, 0x0000000706600000, 0x0000000706800000|  0%| F|  |TAMS 0x0000000706600000, 0x0000000706600000| Untracked 
|  27|0x0000000706800000, 0x0000000706800000, 0x0000000706a00000|  0%| F|  |TAMS 0x0000000706800000, 0x0000000706800000| Untracked 
|  28|0x0000000706a00000, 0x0000000706a00000, 0x0000000706c00000|  0%| F|  |TAMS 0x0000000706a00000, 0x0000000706a00000| Untracked 
|  29|0x0000000706c00000, 0x0000000706c00000, 0x0000000706e00000|  0%| F|  |TAMS 0x0000000706c00000, 0x0000000706c00000| Untracked 
|  30|0x0000000706e00000, 0x0000000706e00000, 0x0000000707000000|  0%| F|  |TAMS 0x0000000706e00000, 0x0000000706e00000| Untracked 
|  31|0x0000000707000000, 0x0000000707000000, 0x0000000707200000|  0%| F|  |TAMS 0x0000000707000000, 0x0000000707000000| Untracked 
|  32|0x0000000707200000, 0x0000000707200000, 0x0000000707400000|  0%| F|  |TAMS 0x0000000707200000, 0x0000000707200000| Untracked 
|  33|0x0000000707400000, 0x0000000707400000, 0x0000000707600000|  0%| F|  |TAMS 0x0000000707400000, 0x0000000707400000| Untracked 
|  34|0x0000000707600000, 0x0000000707600000, 0x0000000707800000|  0%| F|  |TAMS 0x0000000707600000, 0x0000000707600000| Untracked 
|  35|0x0000000707800000, 0x0000000707800000, 0x0000000707a00000|  0%| F|  |TAMS 0x0000000707800000, 0x0000000707800000| Untracked 
|  36|0x0000000707a00000, 0x0000000707a00000, 0x0000000707c00000|  0%| F|  |TAMS 0x0000000707a00000, 0x0000000707a00000| Untracked 
|  37|0x0000000707c00000, 0x0000000707c00000, 0x0000000707e00000|  0%| F|  |TAMS 0x0000000707c00000, 0x0000000707c00000| Untracked 
|  38|0x0000000707e00000, 0x0000000707e00000, 0x0000000708000000|  0%| F|  |TAMS 0x0000000707e00000, 0x0000000707e00000| Untracked 
|  39|0x0000000708000000, 0x0000000708000000, 0x0000000708200000|  0%| F|  |TAMS 0x0000000708000000, 0x0000000708000000| Untracked 
|  40|0x0000000708200000, 0x0000000708200000, 0x0000000708400000|  0%| F|  |TAMS 0x0000000708200000, 0x0000000708200000| Untracked 
|  41|0x0000000708400000, 0x0000000708400000, 0x0000000708600000|  0%| F|  |TAMS 0x0000000708400000, 0x0000000708400000| Untracked 
|  42|0x0000000708600000, 0x0000000708600000, 0x0000000708800000|  0%| F|  |TAMS 0x0000000708600000, 0x0000000708600000| Untracked 
|  43|0x0000000708800000, 0x0000000708800000, 0x0000000708a00000|  0%| F|  |TAMS 0x0000000708800000, 0x0000000708800000| Untracked 
|  44|0x0000000708a00000, 0x0000000708a00000, 0x0000000708c00000|  0%| F|  |TAMS 0x0000000708a00000, 0x0000000708a00000| Untracked 
|  45|0x0000000708c00000, 0x0000000708c00000, 0x0000000708e00000|  0%| F|  |TAMS 0x0000000708c00000, 0x0000000708c00000| Untracked 
|  46|0x0000000708e00000, 0x0000000708e00000, 0x0000000709000000|  0%| F|  |TAMS 0x0000000708e00000, 0x0000000708e00000| Untracked 
|  47|0x0000000709000000, 0x0000000709000000, 0x0000000709200000|  0%| F|  |TAMS 0x0000000709000000, 0x0000000709000000| Untracked 
|  48|0x0000000709200000, 0x0000000709200000, 0x0000000709400000|  0%| F|  |TAMS 0x0000000709200000, 0x0000000709200000| Untracked 
|  49|0x0000000709400000, 0x0000000709400000, 0x0000000709600000|  0%| F|  |TAMS 0x0000000709400000, 0x0000000709400000| Untracked 
|  50|0x0000000709600000, 0x0000000709600000, 0x0000000709800000|  0%| F|  |TAMS 0x0000000709600000, 0x0000000709600000| Untracked 
|  51|0x0000000709800000, 0x0000000709800000, 0x0000000709a00000|  0%| F|  |TAMS 0x0000000709800000, 0x0000000709800000| Untracked 
|  52|0x0000000709a00000, 0x0000000709a00000, 0x0000000709c00000|  0%| F|  |TAMS 0x0000000709a00000, 0x0000000709a00000| Untracked 
|  53|0x0000000709c00000, 0x0000000709c00000, 0x0000000709e00000|  0%| F|  |TAMS 0x0000000709c00000, 0x0000000709c00000| Untracked 
|  54|0x0000000709e00000, 0x0000000709e00000, 0x000000070a000000|  0%| F|  |TAMS 0x0000000709e00000, 0x0000000709e00000| Untracked 
|  55|0x000000070a000000, 0x000000070a000000, 0x000000070a200000|  0%| F|  |TAMS 0x000000070a000000, 0x000000070a000000| Untracked 
|  56|0x000000070a200000, 0x000000070a200000, 0x000000070a400000|  0%| F|  |TAMS 0x000000070a200000, 0x000000070a200000| Untracked 
|  57|0x000000070a400000, 0x000000070a400000, 0x000000070a600000|  0%| F|  |TAMS 0x000000070a400000, 0x000000070a400000| Untracked 
|  58|0x000000070a600000, 0x000000070a600000, 0x000000070a800000|  0%| F|  |TAMS 0x000000070a600000, 0x000000070a600000| Untracked 
|  59|0x000000070a800000, 0x000000070a800000, 0x000000070aa00000|  0%| F|  |TAMS 0x000000070a800000, 0x000000070a800000| Untracked 
|  60|0x000000070aa00000, 0x000000070aa00000, 0x000000070ac00000|  0%| F|  |TAMS 0x000000070aa00000, 0x000000070aa00000| Untracked 
|  61|0x000000070ac00000, 0x000000070ac00000, 0x000000070ae00000|  0%| F|  |TAMS 0x000000070ac00000, 0x000000070ac00000| Untracked 
|  62|0x000000070ae00000, 0x000000070ae00000, 0x000000070b000000|  0%| F|  |TAMS 0x000000070ae00000, 0x000000070ae00000| Untracked 
|  63|0x000000070b000000, 0x000000070b000000, 0x000000070b200000|  0%| F|  |TAMS 0x000000070b000000, 0x000000070b000000| Untracked 
|  64|0x000000070b200000, 0x000000070b200000, 0x000000070b400000|  0%| F|  |TAMS 0x000000070b200000, 0x000000070b200000| Untracked 
|  65|0x000000070b400000, 0x000000070b400000, 0x000000070b600000|  0%| F|  |TAMS 0x000000070b400000, 0x000000070b400000| Untracked 
|  66|0x000000070b600000, 0x000000070b600000, 0x000000070b800000|  0%| F|  |TAMS 0x000000070b600000, 0x000000070b600000| Untracked 
|  67|0x000000070b800000, 0x000000070b800000, 0x000000070ba00000|  0%| F|  |TAMS 0x000000070b800000, 0x000000070b800000| Untracked 
|  68|0x000000070ba00000, 0x000000070ba00000, 0x000000070bc00000|  0%| F|  |TAMS 0x000000070ba00000, 0x000000070ba00000| Untracked 
|  69|0x000000070bc00000, 0x000000070bc00000, 0x000000070be00000|  0%| F|  |TAMS 0x000000070bc00000, 0x000000070bc00000| Untracked 
|  70|0x000000070be00000, 0x000000070be00000, 0x000000070c000000|  0%| F|  |TAMS 0x000000070be00000, 0x000000070be00000| Untracked 
|  71|0x000000070c000000, 0x000000070c000000, 0x000000070c200000|  0%| F|  |TAMS 0x000000070c000000, 0x000000070c000000| Untracked 
|  72|0x000000070c200000, 0x000000070c200000, 0x000000070c400000|  0%| F|  |TAMS 0x000000070c200000, 0x000000070c200000| Untracked 
|  73|0x000000070c400000, 0x000000070c400000, 0x000000070c600000|  0%| F|  |TAMS 0x000000070c400000, 0x000000070c400000| Untracked 
|  74|0x000000070c600000, 0x000000070c600000, 0x000000070c800000|  0%| F|  |TAMS 0x000000070c600000, 0x000000070c600000| Untracked 
|  75|0x000000070c800000, 0x000000070c800000, 0x000000070ca00000|  0%| F|  |TAMS 0x000000070c800000, 0x000000070c800000| Untracked 
|  76|0x000000070ca00000, 0x000000070ca00000, 0x000000070cc00000|  0%| F|  |TAMS 0x000000070ca00000, 0x000000070ca00000| Untracked 
|  77|0x000000070cc00000, 0x000000070cc00000, 0x000000070ce00000|  0%| F|  |TAMS 0x000000070cc00000, 0x000000070cc00000| Untracked 
|  78|0x000000070ce00000, 0x000000070ce00000, 0x000000070d000000|  0%| F|  |TAMS 0x000000070ce00000, 0x000000070ce00000| Untracked 
|  79|0x000000070d000000, 0x000000070d000000, 0x000000070d200000|  0%| F|  |TAMS 0x000000070d000000, 0x000000070d000000| Untracked 
|  80|0x000000070d200000, 0x000000070d200000, 0x000000070d400000|  0%| F|  |TAMS 0x000000070d200000, 0x000000070d200000| Untracked 
|  81|0x000000070d400000, 0x000000070d400000, 0x000000070d600000|  0%| F|  |TAMS 0x000000070d400000, 0x000000070d400000| Untracked 
|  82|0x000000070d600000, 0x000000070d600000, 0x000000070d800000|  0%| F|  |TAMS 0x000000070d600000, 0x000000070d600000| Untracked 
|  83|0x000000070d800000, 0x000000070d800000, 0x000000070da00000|  0%| F|  |TAMS 0x000000070d800000, 0x000000070d800000| Untracked 
|  84|0x000000070da00000, 0x000000070da00000, 0x000000070dc00000|  0%| F|  |TAMS 0x000000070da00000, 0x000000070da00000| Untracked 
|  85|0x000000070dc00000, 0x000000070dc00000, 0x000000070de00000|  0%| F|  |TAMS 0x000000070dc00000, 0x000000070dc00000| Untracked 
|  86|0x000000070de00000, 0x000000070de00000, 0x000000070e000000|  0%| F|  |TAMS 0x000000070de00000, 0x000000070de00000| Untracked 
|  87|0x000000070e000000, 0x000000070e000000, 0x000000070e200000|  0%| F|  |TAMS 0x000000070e000000, 0x000000070e000000| Untracked 
|  88|0x000000070e200000, 0x000000070e200000, 0x000000070e400000|  0%| F|  |TAMS 0x000000070e200000, 0x000000070e200000| Untracked 
|  89|0x000000070e400000, 0x000000070e400000, 0x000000070e600000|  0%| F|  |TAMS 0x000000070e400000, 0x000000070e400000| Untracked 
|  90|0x000000070e600000, 0x000000070e600000, 0x000000070e800000|  0%| F|  |TAMS 0x000000070e600000, 0x000000070e600000| Untracked 
|  91|0x000000070e800000, 0x000000070e800000, 0x000000070ea00000|  0%| F|  |TAMS 0x000000070e800000, 0x000000070e800000| Untracked 
|  92|0x000000070ea00000, 0x000000070ea00000, 0x000000070ec00000|  0%| F|  |TAMS 0x000000070ea00000, 0x000000070ea00000| Untracked 
|  93|0x000000070ec00000, 0x000000070ec00000, 0x000000070ee00000|  0%| F|  |TAMS 0x000000070ec00000, 0x000000070ec00000| Untracked 
|  94|0x000000070ee00000, 0x000000070ee00000, 0x000000070f000000|  0%| F|  |TAMS 0x000000070ee00000, 0x000000070ee00000| Untracked 
|  95|0x000000070f000000, 0x000000070f000000, 0x000000070f200000|  0%| F|  |TAMS 0x000000070f000000, 0x000000070f000000| Untracked 
|  96|0x000000070f200000, 0x000000070f200000, 0x000000070f400000|  0%| F|  |TAMS 0x000000070f200000, 0x000000070f200000| Untracked 
|  97|0x000000070f400000, 0x000000070f400000, 0x000000070f600000|  0%| F|  |TAMS 0x000000070f400000, 0x000000070f400000| Untracked 
|  98|0x000000070f600000, 0x000000070f600000, 0x000000070f800000|  0%| F|  |TAMS 0x000000070f600000, 0x000000070f600000| Untracked 
|  99|0x000000070f800000, 0x000000070f800000, 0x000000070fa00000|  0%| F|  |TAMS 0x000000070f800000, 0x000000070f800000| Untracked 
| 100|0x000000070fa00000, 0x000000070fa00000, 0x000000070fc00000|  0%| F|  |TAMS 0x000000070fa00000, 0x000000070fa00000| Untracked 
| 101|0x000000070fc00000, 0x000000070fc00000, 0x000000070fe00000|  0%| F|  |TAMS 0x000000070fc00000, 0x000000070fc00000| Untracked 
| 102|0x000000070fe00000, 0x000000070fe00000, 0x0000000710000000|  0%| F|  |TAMS 0x000000070fe00000, 0x000000070fe00000| Untracked 
| 103|0x0000000710000000, 0x0000000710000000, 0x0000000710200000|  0%| F|  |TAMS 0x0000000710000000, 0x0000000710000000| Untracked 
| 104|0x0000000710200000, 0x0000000710200000, 0x0000000710400000|  0%| F|  |TAMS 0x0000000710200000, 0x0000000710200000| Untracked 
| 105|0x0000000710400000, 0x0000000710400000, 0x0000000710600000|  0%| F|  |TAMS 0x0000000710400000, 0x0000000710400000| Untracked 
| 106|0x0000000710600000, 0x0000000710600000, 0x0000000710800000|  0%| F|  |TAMS 0x0000000710600000, 0x0000000710600000| Untracked 
| 107|0x0000000710800000, 0x0000000710800000, 0x0000000710a00000|  0%| F|  |TAMS 0x0000000710800000, 0x0000000710800000| Untracked 
| 108|0x0000000710a00000, 0x0000000710a00000, 0x0000000710c00000|  0%| F|  |TAMS 0x0000000710a00000, 0x0000000710a00000| Untracked 
| 109|0x0000000710c00000, 0x0000000710c00000, 0x0000000710e00000|  0%| F|  |TAMS 0x0000000710c00000, 0x0000000710c00000| Untracked 
| 110|0x0000000710e00000, 0x0000000710e00000, 0x0000000711000000|  0%| F|  |TAMS 0x0000000710e00000, 0x0000000710e00000| Untracked 
| 111|0x0000000711000000, 0x0000000711000000, 0x0000000711200000|  0%| F|  |TAMS 0x0000000711000000, 0x0000000711000000| Untracked 
| 112|0x0000000711200000, 0x0000000711200000, 0x0000000711400000|  0%| F|  |TAMS 0x0000000711200000, 0x0000000711200000| Untracked 
| 113|0x0000000711400000, 0x0000000711400000, 0x0000000711600000|  0%| F|  |TAMS 0x0000000711400000, 0x0000000711400000| Untracked 
| 114|0x0000000711600000, 0x0000000711600000, 0x0000000711800000|  0%| F|  |TAMS 0x0000000711600000, 0x0000000711600000| Untracked 
| 115|0x0000000711800000, 0x00000007118f51b0, 0x0000000711a00000| 47%| S|CS|TAMS 0x0000000711800000, 0x0000000711800000| Complete 
| 116|0x0000000711a00000, 0x0000000711c00000, 0x0000000711c00000|100%| S|CS|TAMS 0x0000000711a00000, 0x0000000711a00000| Complete 
| 117|0x0000000711c00000, 0x0000000711c00000, 0x0000000711e00000|  0%| F|  |TAMS 0x0000000711c00000, 0x0000000711c00000| Untracked 
| 118|0x0000000711e00000, 0x0000000711e00000, 0x0000000712000000|  0%| F|  |TAMS 0x0000000711e00000, 0x0000000711e00000| Untracked 
| 119|0x0000000712000000, 0x00000007121f3d10, 0x0000000712200000| 97%| E|  |TAMS 0x0000000712000000, 0x0000000712000000| Complete 
| 120|0x0000000712200000, 0x0000000712400000, 0x0000000712400000|100%| E|CS|TAMS 0x0000000712200000, 0x0000000712200000| Complete 
| 121|0x0000000712400000, 0x0000000712600000, 0x0000000712600000|100%| E|CS|TAMS 0x0000000712400000, 0x0000000712400000| Complete 
| 122|0x0000000712600000, 0x0000000712800000, 0x0000000712800000|100%| E|CS|TAMS 0x0000000712600000, 0x0000000712600000| Complete 
| 123|0x0000000712800000, 0x0000000712a00000, 0x0000000712a00000|100%| E|CS|TAMS 0x0000000712800000, 0x0000000712800000| Complete 
| 124|0x0000000712a00000, 0x0000000712c00000, 0x0000000712c00000|100%| E|CS|TAMS 0x0000000712a00000, 0x0000000712a00000| Complete 
| 125|0x0000000712c00000, 0x0000000712e00000, 0x0000000712e00000|100%| E|CS|TAMS 0x0000000712c00000, 0x0000000712c00000| Complete 
| 126|0x0000000712e00000, 0x0000000713000000, 0x0000000713000000|100%| E|  |TAMS 0x0000000712e00000, 0x0000000712e00000| Complete 

Card table byte_map: [0x000002547ef00000,0x000002547f6f0000] _byte_map_base: 0x000002547b6e7000

Marking Bits (Prev, Next): (CMBitMap*) 0x000002547c8b4760, (CMBitMap*) 0x000002547c8b47a0
 Prev Bits: [0x00000254166a0000, 0x000002541a5d8000)
 Next Bits: [0x000002541a5e0000, 0x000002541e518000)

Polling page: 0x000002547c6c0000

Metaspace:

Usage:
  Non-class:     12.84 MB used.
      Class:      1.94 MB used.
       Both:     14.78 MB used.

Virtual space:
  Non-class space:       16.00 MB reserved,      12.94 MB ( 81%) committed,  2 nodes.
      Class space:        1.00 GB reserved,       2.06 MB ( <1%) committed,  1 nodes.
              Both:        1.02 GB reserved,      15.00 MB (  1%) committed. 

Chunk freelists:
   Non-Class:  2.30 MB
       Class:  1.78 MB
        Both:  4.08 MB

MaxMetaspaceSize: 17179869184.00 GB
CompressedClassSpaceSize: 1.00 GB
 - commit_granule_bytes: 65536.
 - commit_granule_words: 8192.
 - virtual_space_node_default_size: 1048576.
 - enlarge_chunks_in_place: 1.
 - new_chunks_are_fully_committed: 0.
 - uncommit_free_chunks: 1.
 - use_allocation_guard: 0.
 - handle_deallocations: 1.


Internal statistics:

num_allocs_failed_limit: 0.
num_arena_births: 292.
num_arena_deaths: 0.
num_vsnodes_births: 3.
num_vsnodes_deaths: 0.
num_space_committed: 240.
num_space_uncommitted: 0.
num_chunks_returned_to_freelist: 0.
num_chunks_taken_from_freelist: 730.
num_chunk_merges: 0.
num_chunk_splits: 482.
num_chunks_enlarged: 344.
num_purges: 0.

CodeHeap 'non-profiled nmethods': size=238912Kb used=2970Kb max_used=2970Kb free=235941Kb
 bounds [0x0000025407d50000, 0x0000025408040000, 0x00000254166a0000]
CodeHeap 'non-nmethods': size=6848Kb used=1208Kb max_used=1208Kb free=5639Kb
 bounds [0x00000254076a0000, 0x0000025407910000, 0x0000025407d50000]
 total_blobs=2495 nmethods=1988 adapters=434
 compilation: enabled
              stopped_count=0, restarted_count=0
 full_count=0

Compilation events (20 events):
Event: 1.778 Thread 0x0000025420a01450 1978       1       java.io.ObjectOutputStream$BlockDataOutputStream::writeShort (47 bytes)
Event: 1.778 Thread 0x0000025420a01450 nmethod 1978 0x0000025408032f90 code [0x0000025408033140, 0x00000254080332c8]
Event: 1.778 Thread 0x0000025420a01450 1980       1       java.util.Collections$EmptyMap::get (2 bytes)
Event: 1.778 Thread 0x0000025420a01450 nmethod 1980 0x0000025408033410 code [0x00000254080335a0, 0x0000025408033678]
Event: 1.778 Thread 0x0000025420a01450 1981       1       java.nio.Buffer::capacity (5 bytes)
Event: 1.778 Thread 0x0000025420a01450 nmethod 1981 0x0000025408033710 code [0x00000254080338a0, 0x0000025408033978]
Event: 1.778 Thread 0x0000025420a01450 1982       1       java.lang.reflect.Array::newInstance (6 bytes)
Event: 1.778 Thread 0x0000025420a01450 nmethod 1982 0x0000025408033a10 code [0x0000025408033ba0, 0x0000025408033c68]
Event: 1.779 Thread 0x0000025420a01450 1983       1       java.util.logging.Logger::isLoggable (27 bytes)
Event: 1.779 Thread 0x0000025420a01450 nmethod 1983 0x0000025408033d10 code [0x0000025408033ea0, 0x0000025408033fb8]
Event: 1.779 Thread 0x0000025420a01450 1984       1       org.springframework.util.ConcurrentReferenceHashMap$ReferenceManager::createReference (43 bytes)
Event: 1.779 Thread 0x0000025420a01450 nmethod 1984 0x0000025408034090 code [0x0000025408034260, 0x00000254080345c8]
Event: 1.779 Thread 0x0000025420a01450 1985       1       org.springframework.util.ConcurrentReferenceHashMap$SoftEntryReference::<init> (18 bytes)
Event: 1.779 Thread 0x0000025420a01450 nmethod 1985 0x0000025408034710 code [0x00000254080348c0, 0x0000025408034ad8]
Event: 1.786 Thread 0x0000025420a01450 1986       1       java.lang.Class::isAnnotation (17 bytes)
Event: 1.787 Thread 0x0000025420a01450 nmethod 1986 0x0000025408034b90 code [0x0000025408034d20, 0x0000025408034e28]
Event: 1.789 Thread 0x0000025420a01450 1987       1       java.lang.Enum::getDeclaringClass (22 bytes)
Event: 1.789 Thread 0x0000025420a01450 nmethod 1987 0x0000025408034e90 code [0x0000025408035040, 0x0000025408035168]
Event: 1.799 Thread 0x0000025420a01450 1988  s!   1       jdk.internal.loader.URLClassPath::getLoader (194 bytes)
Event: 1.800 Thread 0x0000025420a01450 nmethod 1988 0x0000025408035210 code [0x00000254080354e0, 0x00000254080360a8]

GC Heap History (6 events):
Event: 0.844 GC heap before
{Heap before GC invocations=0 (full 0):
 garbage-first heap   total 260096K, used 10240K [0x0000000703200000, 0x0000000800000000)
  region size 2048K, 6 young (12288K), 0 survivors (0K)
 Metaspace       used 4962K, committed 5120K, reserved 1056768K
  class space    used 574K, committed 640K, reserved 1048576K
}
Event: 0.855 GC heap after
{Heap after GC invocations=1 (full 0):
 garbage-first heap   total 260096K, used 5575K [0x0000000703200000, 0x0000000800000000)
  region size 2048K, 1 young (2048K), 1 survivors (2048K)
 Metaspace       used 4962K, committed 5120K, reserved 1056768K
  class space    used 574K, committed 640K, reserved 1048576K
}
Event: 1.163 GC heap before
{Heap before GC invocations=1 (full 0):
 garbage-first heap   total 260096K, used 15815K [0x0000000703200000, 0x0000000800000000)
  region size 2048K, 6 young (12288K), 1 survivors (2048K)
 Metaspace       used 7161K, committed 7360K, reserved 1056768K
  class space    used 859K, committed 960K, reserved 1048576K
}
Event: 1.165 GC heap after
{Heap after GC invocations=2 (full 0):
 garbage-first heap   total 260096K, used 7299K [0x0000000703200000, 0x0000000800000000)
  region size 2048K, 1 young (2048K), 1 survivors (2048K)
 Metaspace       used 7161K, committed 7360K, reserved 1056768K
  class space    used 859K, committed 960K, reserved 1048576K
}
Event: 1.588 GC heap before
{Heap before GC invocations=2 (full 0):
 garbage-first heap   total 260096K, used 23683K [0x0000000703200000, 0x0000000800000000)
  region size 2048K, 10 young (20480K), 1 survivors (2048K)
 Metaspace       used 11335K, committed 11584K, reserved 1064960K
  class space    used 1509K, committed 1664K, reserved 1048576K
}
Event: 1.593 GC heap after
{Heap after GC invocations=3 (full 0):
 garbage-first heap   total 260096K, used 8806K [0x0000000703200000, 0x0000000800000000)
  region size 2048K, 2 young (4096K), 2 survivors (4096K)
 Metaspace       used 11335K, committed 11584K, reserved 1064960K
  class space    used 1509K, committed 1664K, reserved 1048576K
}

Deoptimization events (0 events):
No events

Classes unloaded (0 events):
No events

Classes redefined (0 events):
No events

Internal exceptions (20 events):
Event: 1.753 Thread 0x0000025422103030 Exception <a 'java/lang/NoSuchMethodError'{0x0000000712289a38}: 'long java.lang.invoke.DirectMethodHandle$Holder.invokeStaticInit(java.lang.Object, java.lang.Object)'> (0x0000000712289a38) 
thrown [t:\workspace\open\src\hotspot\share\interpreter\linkResolver.cpp, line 790]
Event: 1.755 Thread 0x0000025422103030 Exception <a 'java/lang/NoSuchMethodError'{0x00000007123b2438}: 'long java.lang.invoke.DirectMethodHandle$Holder.invokeInterface(java.lang.Object, java.lang.Object)'> (0x00000007123b2438) 
thrown [t:\workspace\open\src\hotspot\share\interpreter\linkResolver.cpp, line 790]
Event: 1.756 Thread 0x0000025422103030 Exception <a 'java/lang/IncompatibleClassChangeError'{0x00000007123b5b98}: Found class java.lang.Object, but interface was expected> (0x00000007123b5b98) 
thrown [t:\workspace\open\src\hotspot\share\interpreter\linkResolver.cpp, line 857]
Event: 1.760 Thread 0x000002547c8648a0 Exception <a 'java/lang/ClassNotFoundException'{0x0000000712301648}: java/lang/ObjectCustomizer> (0x0000000712301648) 
thrown [t:\workspace\open\src\hotspot\share\classfile\systemDictionary.cpp, line 256]
Event: 1.763 Thread 0x000002547c8648a0 Exception <a 'java/lang/IncompatibleClassChangeError'{0x0000000712306348}: Found class java.lang.Object, but interface was expected> (0x0000000712306348) 
thrown [t:\workspace\open\src\hotspot\share\interpreter\linkResolver.cpp, line 857]
Event: 1.766 Thread 0x0000025422103030 Exception <a 'java/lang/NoSuchMethodError'{0x0000000712028008}: 'java.lang.Object java.lang.invoke.DirectMethodHandle$Holder.invokeVirtual(java.lang.Object, java.lang.Object, java.lang.Object, java.lang.Object)'> (0x0000000712028008) 
thrown [t:\workspace\open\src\hotspot\share\interpreter\linkResolver.cpp, line 790]
Event: 1.766 Thread 0x000002547c8648a0 Exception <a 'java/lang/ClassNotFoundException'{0x0000000712319e00}: org/springframework/context/annotation/ConfigurationClassPostProcessorCustomizer> (0x0000000712319e00) 
thrown [t:\workspace\open\src\hotspot\share\classfile\systemDictionary.cpp, line 256]
Event: 1.771 Thread 0x000002547c8648a0 Exception <a 'java/lang/ClassNotFoundException'{0x000000071233d368}: org/springframework/beans/factory/support/BeanDefinitionRegistryPostProcessorCustomizer> (0x000000071233d368) 
thrown [t:\workspace\open\src\hotspot\share\classfile\systemDictionary.cpp, line 256]
Event: 1.773 Thread 0x0000025421c89850 Exception <a 'java/lang/reflect/InvocationTargetException'{0x0000000712059a70}> (0x0000000712059a70) 
thrown [t:\workspace\open\src\hotspot\share\runtime\reflection.cpp, line 1157]
Event: 1.773 Thread 0x000002547c8648a0 Exception <a 'java/lang/ClassNotFoundException'{0x0000000712348210}: org/springframework/beans/factory/config/BeanFactoryPostProcessorCustomizer> (0x0000000712348210) 
thrown [t:\workspace\open\src\hotspot\share\classfile\systemDictionary.cpp, line 256]
Event: 1.774 Thread 0x000002547c8648a0 Exception <a 'java/lang/ClassNotFoundException'{0x000000071234ced8}: org/springframework/core/PriorityOrderedCustomizer> (0x000000071234ced8) 
thrown [t:\workspace\open\src\hotspot\share\classfile\systemDictionary.cpp, line 256]
Event: 1.774 Thread 0x000002547c8648a0 Exception <a 'java/lang/ClassNotFoundException'{0x00000007123507f8}: org/springframework/core/OrderedCustomizer> (0x00000007123507f8) 
thrown [t:\workspace\open\src\hotspot\share\classfile\systemDictionary.cpp, line 256]
Event: 1.774 Thread 0x000002547c8648a0 Exception <a 'java/lang/ClassNotFoundException'{0x0000000712355310}: org/springframework/context/ResourceLoaderAwareCustomizer> (0x0000000712355310) 
thrown [t:\workspace\open\src\hotspot\share\classfile\systemDictionary.cpp, line 256]
Event: 1.775 Thread 0x000002547c8648a0 Exception <a 'java/lang/ClassNotFoundException'{0x0000000712359f70}: org/springframework/beans/factory/AwareCustomizer> (0x0000000712359f70) 
thrown [t:\workspace\open\src\hotspot\share\classfile\systemDictionary.cpp, line 256]
Event: 1.775 Thread 0x000002547c8648a0 Exception <a 'java/lang/ClassNotFoundException'{0x000000071235db88}: org/springframework/context/ApplicationStartupAwareCustomizer> (0x000000071235db88) 
thrown [t:\workspace\open\src\hotspot\share\classfile\systemDictionary.cpp, line 256]
Event: 1.776 Thread 0x000002547c8648a0 Exception <a 'java/lang/ClassNotFoundException'{0x0000000712362a60}: org/springframework/beans/factory/AwareCustomizer> (0x0000000712362a60) 
thrown [t:\workspace\open\src\hotspot\share\classfile\systemDictionary.cpp, line 256]
Event: 1.776 Thread 0x000002547c8648a0 Exception <a 'java/lang/ClassNotFoundException'{0x00000007123666d0}: org/springframework/beans/factory/BeanClassLoaderAwareCustomizer> (0x00000007123666d0) 
thrown [t:\workspace\open\src\hotspot\share\classfile\systemDictionary.cpp, line 256]
Event: 1.776 Thread 0x000002547c8648a0 Exception <a 'java/lang/ClassNotFoundException'{0x000000071236b348}: org/springframework/beans/factory/AwareCustomizer> (0x000000071236b348) 
thrown [t:\workspace\open\src\hotspot\share\classfile\systemDictionary.cpp, line 256]
Event: 1.776 Thread 0x000002547c8648a0 Exception <a 'java/lang/ClassNotFoundException'{0x000000071236ed48}: org/springframework/context/EnvironmentAwareCustomizer> (0x000000071236ed48) 
thrown [t:\workspace\open\src\hotspot\share\classfile\systemDictionary.cpp, line 256]
Event: 1.777 Thread 0x000002547c8648a0 Exception <a 'java/lang/ClassNotFoundException'{0x0000000712373938}: org/springframework/beans/factory/AwareCustomizer> (0x0000000712373938) 
thrown [t:\workspace\open\src\hotspot\share\classfile\systemDictionary.cpp, line 256]

Events (20 events):
Event: 1.764 loading class java/beans/BeanProperty done
Event: 1.764 loading class jdk/internal/vm/annotation/IntrinsicCandidate
Event: 1.764 loading class jdk/internal/vm/annotation/IntrinsicCandidate done
Event: 1.765 loading class com/sun/beans/introspect/PropertyInfo$Name
Event: 1.765 loading class com/sun/beans/introspect/PropertyInfo$Name done
Event: 1.765 loading class java/beans/IndexedPropertyDescriptor
Event: 1.765 loading class java/beans/IndexedPropertyDescriptor done
Event: 1.766 loading class java/beans/GenericBeanInfo
Event: 1.766 loading class java/beans/SimpleBeanInfo
Event: 1.766 loading class java/beans/SimpleBeanInfo done
Event: 1.766 loading class java/beans/GenericBeanInfo done
Event: 1.767 loading class java/util/Hashtable$EntrySet
Event: 1.767 loading class java/util/Hashtable$EntrySet done
Event: 1.769 Thread 0x0000025422103030 Thread exited: 0x0000025422103030
Event: 1.770 loading class java/util/AbstractList$ListItr
Event: 1.770 loading class java/util/AbstractList$ListItr done
Event: 1.770 Thread 0x0000025422103030 Thread added: 0x0000025422103030
Event: 1.779 Thread 0x0000025422103030 Thread exited: 0x0000025422103030
Event: 1.793 Executing  VM operation: HandshakeAllThreads
Event: 1.793 Executing  VM operation: HandshakeAllThreads done


Dynamic libraries:
0x00007ff7df380000 - 0x00007ff7df390000 	C:\Program Files\Java\jdk-16.0.1\bin\java.exe
0x00007ffba1a10000 - 0x00007ffba1c05000 	C:\WINDOWS\SYSTEM32\ntdll.dll
0x00007ffba01a0000 - 0x00007ffba025e000 	C:\WINDOWS\System32\KERNEL32.DLL
0x00007ffb9f4a0000 - 0x00007ffb9f769000 	C:\WINDOWS\System32\KERNELBASE.dll
0x00007ffb9f880000 - 0x00007ffb9f980000 	C:\WINDOWS\System32\ucrtbase.dll
0x00007ffb97a00000 - 0x00007ffb97a18000 	C:\Program Files\Java\jdk-16.0.1\bin\jli.dll
0x00007ffba02d0000 - 0x00007ffba037c000 	C:\WINDOWS\System32\ADVAPI32.dll
0x00007ffba0ad0000 - 0x00007ffba0b6e000 	C:\WINDOWS\System32\msvcrt.dll
0x00007ffba1930000 - 0x00007ffba19cb000 	C:\WINDOWS\System32\sechost.dll
0x00007ffba12a0000 - 0x00007ffba13ca000 	C:\WINDOWS\System32\RPCRT4.dll
0x00007ffba10f0000 - 0x00007ffba1291000 	C:\WINDOWS\System32\USER32.dll
0x00007ffb9f850000 - 0x00007ffb9f872000 	C:\WINDOWS\System32\win32u.dll
0x00007ffba0ff0000 - 0x00007ffba101b000 	C:\WINDOWS\System32\GDI32.dll
0x00007ffb9f130000 - 0x00007ffb9f23b000 	C:\WINDOWS\System32\gdi32full.dll
0x00007ffb9f240000 - 0x00007ffb9f2dd000 	C:\WINDOWS\System32\msvcp_win.dll
0x00007ffb979e0000 - 0x00007ffb979f9000 	C:\Program Files\Java\jdk-16.0.1\bin\VCRUNTIME140.dll
0x00007ffb88390000 - 0x00007ffb8862a000 	C:\WINDOWS\WinSxS\amd64_microsoft.windows.common-controls_6595b64144ccf1df_6.0.19041.1110_none_60b5254171f9507e\COMCTL32.dll
0x00007ffb94f70000 - 0x00007ffb94f7a000 	C:\WINDOWS\SYSTEM32\VERSION.dll
0x00007ffba1900000 - 0x00007ffba1930000 	C:\WINDOWS\System32\IMM32.DLL
0x00007ffb979d0000 - 0x00007ffb979dc000 	C:\Program Files\Java\jdk-16.0.1\bin\vcruntime140_1.dll
0x00007ffb859b0000 - 0x00007ffb85a41000 	C:\Program Files\Java\jdk-16.0.1\bin\msvcp140.dll
0x00007ffb529b0000 - 0x00007ffb5355b000 	C:\Program Files\Java\jdk-16.0.1\bin\server\jvm.dll
0x00007ffba0490000 - 0x00007ffba0498000 	C:\WINDOWS\System32\PSAPI.DLL
0x00007ffb97a30000 - 0x00007ffb97a39000 	C:\WINDOWS\SYSTEM32\WSOCK32.dll
0x00007ffba0260000 - 0x00007ffba02cb000 	C:\WINDOWS\System32\WS2_32.dll
0x00007ffb88630000 - 0x00007ffb88657000 	C:\WINDOWS\SYSTEM32\WINMM.dll
0x00007ffb9d970000 - 0x00007ffb9d982000 	C:\WINDOWS\SYSTEM32\kernel.appcore.dll
0x00007ffb979c0000 - 0x00007ffb979ca000 	C:\Program Files\Java\jdk-16.0.1\bin\jimage.dll
0x00007ffb99cf0000 - 0x00007ffb99ed4000 	C:\WINDOWS\SYSTEM32\DBGHELP.DLL
0x00007ffb8a150000 - 0x00007ffb8a17c000 	C:\WINDOWS\SYSTEM32\dbgcore.DLL
0x00007ffb9f7c0000 - 0x00007ffb9f843000 	C:\WINDOWS\System32\bcryptPrimitives.dll
0x00007ffb979b0000 - 0x00007ffb979be000 	C:\Program Files\Java\jdk-16.0.1\bin\instrument.dll
0x00007ffb85bf0000 - 0x00007ffb85c15000 	C:\Program Files\Java\jdk-16.0.1\bin\java.dll
0x00007ffb9fa60000 - 0x00007ffba019f000 	C:\WINDOWS\System32\SHELL32.dll
0x00007ffb9d1d0000 - 0x00007ffb9d960000 	C:\WINDOWS\SYSTEM32\windows.storage.dll
0x00007ffba15a0000 - 0x00007ffba18f5000 	C:\WINDOWS\System32\combase.dll
0x00007ffb9eb80000 - 0x00007ffb9ebac000 	C:\WINDOWS\SYSTEM32\Wldp.dll
0x00007ffba13d0000 - 0x00007ffba147e000 	C:\WINDOWS\System32\SHCORE.dll
0x00007ffba0380000 - 0x00007ffba03d5000 	C:\WINDOWS\System32\shlwapi.dll
0x00007ffb9f070000 - 0x00007ffb9f08f000 	C:\WINDOWS\SYSTEM32\profapi.dll
0x00007ffb92c20000 - 0x00007ffb92c38000 	C:\Program Files\Java\jdk-16.0.1\bin\zip.dll
0x00007ffb96940000 - 0x00007ffb96959000 	C:\Program Files\Java\jdk-16.0.1\bin\net.dll
0x00007ffb97690000 - 0x00007ffb97798000 	C:\WINDOWS\SYSTEM32\WINHTTP.dll
0x00007ffb9e890000 - 0x00007ffb9e8fa000 	C:\WINDOWS\system32\mswsock.dll
0x00007ffb94640000 - 0x00007ffb94653000 	C:\Program Files\Java\jdk-16.0.1\bin\nio.dll
0x00007ffb85c70000 - 0x00007ffb85c8a000 	C:\Program Files\JetBrains\IntelliJ IDEA 2021.2.1\bin\breakgen64.dll
0x00007ffb9e5a0000 - 0x00007ffb9e66c000 	C:\WINDOWS\SYSTEM32\DNSAPI.dll
0x00007ffb9e550000 - 0x00007ffb9e58b000 	C:\WINDOWS\SYSTEM32\IPHLPAPI.DLL
0x00007ffba09d0000 - 0x00007ffba09d8000 	C:\WINDOWS\System32\NSI.dll
0x00007ffb94d30000 - 0x00007ffb94d3a000 	C:\Windows\System32\rasadhlp.dll
0x00007ffb942f0000 - 0x00007ffb9436f000 	C:\WINDOWS\System32\fwpuclnt.dll
0x00007ffb9fa30000 - 0x00007ffb9fa57000 	C:\WINDOWS\System32\bcrypt.dll
0x00007ffb95e30000 - 0x00007ffb95e39000 	C:\Program Files\Java\jdk-16.0.1\bin\management.dll
0x00007ffb85be0000 - 0x00007ffb85beb000 	C:\Program Files\Java\jdk-16.0.1\bin\management_ext.dll
0x00007ffb9eab0000 - 0x00007ffb9eac8000 	C:\WINDOWS\SYSTEM32\CRYPTSP.dll
0x00007ffb9e1b0000 - 0x00007ffb9e1e4000 	C:\WINDOWS\system32\rsaenh.dll
0x00007ffb9f030000 - 0x00007ffb9f05e000 	C:\WINDOWS\SYSTEM32\USERENV.dll
0x00007ffb9ead0000 - 0x00007ffb9eadc000 	C:\WINDOWS\SYSTEM32\CRYPTBASE.dll
0x00007ffb95e90000 - 0x00007ffb95ea7000 	C:\WINDOWS\SYSTEM32\dhcpcsvc6.DLL
0x00007ffb96240000 - 0x00007ffb9625d000 	C:\WINDOWS\SYSTEM32\dhcpcsvc.DLL
0x00007ffb86f80000 - 0x00007ffb86f97000 	C:\WINDOWS\system32\napinsp.dll
0x00007ffb855e0000 - 0x00007ffb855fb000 	C:\WINDOWS\system32\pnrpnsp.dll
0x00007ffb80910000 - 0x00007ffb80925000 	C:\WINDOWS\system32\wshbth.dll
0x00007ffb97970000 - 0x00007ffb9798d000 	C:\WINDOWS\system32\NLAapi.dll
0x00007ffb808f0000 - 0x00007ffb80902000 	C:\WINDOWS\System32\winrnr.dll

dbghelp: loaded successfully - version: 4.0.5 - missing functions: none
symbol engine: initialized successfully - sym options: 0x614 - pdb path: .;C:\Program Files\Java\jdk-16.0.1\bin;C:\WINDOWS\SYSTEM32;C:\WINDOWS\WinSxS\amd64_microsoft.windows.common-controls_6595b64144ccf1df_6.0.19041.1110_none_60b5254171f9507e;C:\Program Files\Java\jdk-16.0.1\bin\server;C:\Program Files\JetBrains\IntelliJ IDEA 2021.2.1\bin

VM Arguments:
jvm_args: -XX:TieredStopAtLevel=1 -Xverify:none -Dspring.output.ansi.enabled=always -javaagent:C:\Program Files\JetBrains\IntelliJ IDEA 2021.2.1\lib\idea_rt.jar=9435:C:\Program Files\JetBrains\IntelliJ IDEA 2021.2.1\bin -Dcom.sun.management.jmxremote -Dspring.jmx.enabled=true -Dspring.liveBeansView.mbeanDomain -Dspring.application.admin.enabled=true -Dfile.encoding=UTF-8 
java_command: se331.lab.rest.Lab07Application
java_class_path (initial): D:\Work_Project\CMU\3rdYear\Sem1\Compo-Base\Lab\Lab09\Lab09-Backend\target\classes;C:\Users\Decha_L\.m2\repository\org\springframework\boot\spring-boot-starter\2.5.4\spring-boot-starter-2.5.4.jar;C:\Users\Decha_L\.m2\repository\org\springframework\boot\spring-boot\2.5.4\spring-boot-2.5.4.jar;C:\Users\Decha_L\.m2\repository\org\springframework\spring-context\5.3.9\spring-context-5.3.9.jar;C:\Users\Decha_L\.m2\repository\org\springframework\boot\spring-boot-autoconfigure\2.5.4\spring-boot-autoconfigure-2.5.4.jar;C:\Users\Decha_L\.m2\repository\org\springframework\boot\spring-boot-starter-logging\2.5.4\spring-boot-starter-logging-2.5.4.jar;C:\Users\Decha_L\.m2\repository\ch\qos\logback\logback-classic\1.2.5\logback-classic-1.2.5.jar;C:\Users\Decha_L\.m2\repository\ch\qos\logback\logback-core\1.2.5\logback-core-1.2.5.jar;C:\Users\Decha_L\.m2\repository\org\apache\logging\log4j\log4j-to-slf4j\2.14.1\log4j-to-slf4j-2.14.1.jar;C:\Users\Decha_L\.m2\repository\org\apache\logging\log4j\log4j-api\2.14.1\log4j-api-2.14.1.jar;C:\Users\Decha_L\.m2\repository\org\slf4j\jul-to-slf4j\1.7.32\jul-to-slf4j-1.7.32.jar;C:\Users\Decha_L\.m2\repository\jakarta\annotation\jakarta.annotation-api\1.3.5\jakarta.annotation-api-1.3.5.jar;C:\Users\Decha_L\.m2\repository\org\springframework\spring-core\5.3.9\spring-core-5.3.9.jar;C:\Users\Decha_L\.m2\repository\org\springframework\spring-jcl\5.3.9\spring-jcl-5.3.9.jar;C:\Users\Decha_L\.m2\repository\org\yaml\snakeyaml\1.28\snakeyaml-1.28.jar;C:\Users\Decha_L\.m2\repository\org\slf4j\slf4j-api\1.7.32\slf4j-api-1.7.32.jar;C:\Users\Decha_L\.m2\repository\jakarta\xml\bind\jakarta.xml.bind-api\2.3.3\jakarta.xml.bind-api-2.3.3.jar;C:\Users\Decha_L\.m2\repository\jakarta\activation\jakarta.activation-api\1.2.2\jakarta.activation-api-1.2.2.jar;C:\Users\Decha_L\.m2\repository\net\bytebuddy\byte-buddy\1.10.22\byte-buddy-1.10.22.jar;C:\Users\Decha_L\.m2\repository\org\projectlombok\lombok\1.18.20\lombok-1.18.20.jar;C:\Users\Decha
Launcher Type: SUN_STANDARD

[Global flags]
     intx CICompilerCount                          = 3                                         {product} {ergonomic}
     uint ConcGCThreads                            = 1                                         {product} {ergonomic}
     uint G1ConcRefinementThreads                  = 4                                         {product} {ergonomic}
   size_t G1HeapRegionSize                         = 2097152                                   {product} {ergonomic}
    uintx GCDrainStackTargetSize                   = 64                                        {product} {ergonomic}
   size_t InitialHeapSize                          = 266338304                                 {product} {ergonomic}
     bool ManagementServer                         = true                                      {product} {command line}
   size_t MarkStackSize                            = 4194304                                   {product} {ergonomic}
   size_t MaxHeapSize                              = 4242538496                                {product} {ergonomic}
   size_t MaxNewSize                               = 2543845376                                {product} {ergonomic}
   size_t MinHeapDeltaBytes                        = 2097152                                   {product} {ergonomic}
   size_t MinHeapSize                              = 8388608                                   {product} {ergonomic}
    uintx NonNMethodCodeHeapSize                   = 6973028                                {pd product} {ergonomic}
    uintx NonProfiledCodeHeapSize                  = 244685212                              {pd product} {ergonomic}
    uintx ProfiledCodeHeapSize                     = 0                                      {pd product} {ergonomic}
    uintx ReservedCodeCacheSize                    = 251658240                              {pd product} {ergonomic}
     bool SegmentedCodeCache                       = true                                      {product} {ergonomic}
   size_t SoftMaxHeapSize                          = 4242538496                             {manageable} {ergonomic}
     intx TieredStopAtLevel                        = 1                                         {product} {command line}
     bool UseCompressedClassPointers               = true                           {product lp64_product} {ergonomic}
     bool UseCompressedOops                        = true                           {product lp64_product} {ergonomic}
     bool UseG1GC                                  = true                                      {product} {ergonomic}
     bool UseLargePagesIndividualAllocation        = false                                  {pd product} {ergonomic}

Logging:
Log output configuration:
 #0: stdout all=warning uptime,level,tags
 #1: stderr all=off uptime,level,tags

Environment Variables:
PATH=C:\Program Files\Common Files\Oracle\Java\javapath;C:\Program Files (x86)\Common Files\Oracle\Java\javapath;C:\WINDOWS\system32;C:\WINDOWS;C:\WINDOWS\System32\Wbem;C:\WINDOWS\System32\WindowsPowerShell\v1.0\;C:\WINDOWS\System32\OpenSSH\;C:\Program Files\Docker\Docker\resources\bin;C:\ProgramData\DockerDesktop\version-bin;C:\Program Files\nodejs\;C:\Users\Decha_L\AppData\Local\Microsoft\WindowsApps;;C:\Users\Decha_L\AppData\Local\Programs\Microsoft VS Code\bin;C:\Program Files\JetBrains\IntelliJ IDEA 2021.2.1\bin;;C:\Users\Decha_L\AppData\Roaming\npm
USERNAME=Decha_L
OS=Windows_NT
PROCESSOR_IDENTIFIER=Intel64 Family 6 Model 142 Stepping 12, GenuineIntel



---------------  S Y S T E M  ---------------

OS:
 Windows 10 , 64 bit Build 19041 (10.0.19041.1202)
OS uptime: 1 days 5:00 hours
Hyper-V role detected

CPU: total 4 (initial active 4) (4 cores per cpu, 2 threads per core) family 6 model 142 stepping 12 microcode 0xca, cx8, cmov, fxsr, ht, mmx, 3dnowpref, sse, sse2, sse3, ssse3, sse4.1, sse4.2, popcnt, lzcnt, tsc, tscinvbit, avx, avx2, aes, erms, clmul, bmi1, bmi2, adx, fma, vzeroupper, clflush, clflushopt, hv

Memory: 4k page, system-wide physical 16182M (1984M free)
TotalPageFile size 16182M (AvailPageFile size 5M)
current process WorkingSet (physical memory assigned to process): 90M, peak: 90M
current process commit charge ("private bytes"): 356M, peak: 356M

vm_info: Java HotSpot(TM) 64-Bit Server VM (16.0.1+9-24) for windows-amd64 JRE (16.0.1+9-24), built on Mar 26 2021 19:31:42 by "mach5one" with MS VC++ 16.7 (VS2019)

END.
